<?xml version="1.0" encoding="UTF-8"?>
<components xmlns="http://www.osgi.org/xmlns/blueprint/v1.0.0"
            xmlns:xsi="http://www.w3.org/2001/XMLSchema-instance"
            xsi:schemaLocation="http://www.osgi.org/xmlns/blueprint/v1.0.0 ../../main/resources/org/apache/felix/blueprint/blueprint.xsd"
            default-availability="mandatory">

    <type-converters>
            <component id="converter1" class="org.apache.felix.blueprint.convert.TestConverter">
                <property name="bundle" ref="bundle" />
            </component>
    </type-converters>
    
    <service id="service1" ref="pojoB" interface="foo">
        <service-properties>
            <entry key="key1" value="value1"/>
            <entry key="key2" value="value2"/>
        </service-properties>    
    </service>
    
    <component id="pojoB" class="org.apache.felix.blueprint.pojos.PojoB">
        <property name="uri" value="urn:myuri" />
    </component>

    <component id="pojoA" class="org.apache.felix.blueprint.pojos.PojoA">
        <property name="pojob" ref="pojoB"/>
        <property name="map">
            <map>
                <entry key="key" value="val"/>
                <entry key-ref="pojoB" value-ref="pojoB" />
            </map>
        </property>
        <property name="set">
            <set>
                <value>set value</value>
                <ref component="pojoB" />
            </set>
        </property>
        <property name="list">
            <list>
                <value>list value</value>
                <ref component="pojoB" />
                <value type="java.lang.Integer">55</value>
                <value type="java.net.URI">http://geronimo.apache.org</value>
            </list>
        </property>
        <property name="array">
            <array>
                <value>list value</value>
                <ref component="pojoB" />
                <value type="java.lang.Integer">55</value>
                <value type="java.net.URI">http://geronimo.apache.org</value>
            </array>
        </property>
        <property name="intArray">
            <array>
                <value>1</value>
                <value>50</value>
                <value>100</value>
            </array>
        </property>
        <property name="numberArray">
            <array>
                <value type="java.lang.Integer">1</value>
                <value type="java.math.BigInteger">50</value>
                <value type="java.lang.Long">100</value>
            </array>
        </property>
        <property name="number">
            <value type="java.math.BigInteger">10</value>
        </property>
    </component>

</components>