<?xml version="1.0" encoding="UTF-8"?>
<blueprint xmlns="http://www.osgi.org/xmlns/blueprint/v1.0.0">

    <bean id="pojoA" class="org.apache.geronimo.blueprint.pojos.PojoA" depends-on=" pojoB , pojoC ,">
        <argument value="val0"/>
        <argument ref="val1" />
        <argument>
            <description>null value</description>
            <null/>
        </argument>
        <argument type="java.lang.String">
            <value>val3</value>
        </argument>
        <argument>
            <array>
                <value>val0</value>
                <bean class="java.lang.String"/>
                <null/>
            </array>
        </argument>
        <argument>
            <ref component="pojoB"/>
        </argument>
        <property name="prop1" ref="pojoB"/>
        <property name="prop2" value="value" />
        <property name="prop3">
            <description>property</description>
            <value>val</value>
        </property>
    </bean>

    <bean id="pojoB" class="org.apache.geronimo.blueprint.pojos.PojoA" init-method="initPojo" destroy-method="" >
        <argument index = "1" value="val0"/>
        <argument index = "0" ref="val1" />
    </bean>

</blueprint>