<?xml version="1.0" encoding="UTF-8"?>
<blueprint xmlns="http://www.osgi.org/xmlns/blueprint/v1.0.0"
           default-init-method="init"
           default-destroy-method="destroy">

    <bean id="c" class="org.apache.geronimo.blueprint.pojos.BeanC" depends-on="d" init-method="init"/>

    <bean id="d" class="org.apache.geronimo.blueprint.pojos.BeanD" init-method="init"/>

</blueprint>