<?xml version="1.0" encoding="UTF-8"?>
<components xmlns="http://www.osgi.org/xmlns/blueprint/v1.0.0"
            xmlns:xsi="http://www.w3.org/2001/XMLSchema-instance"
            xsi:schemaLocation="http://www.osgi.org/xmlns/blueprint/v1.0.0 ../../main/resources/org/apache/felix/blueprint/blueprint.xsd"
            default-init-method="init" default-destroy-method="destroy">

    <component id="pojoA" class="org.apache.geronimo.blueprint.pojos.PojoA" depends-on=" pojoB , pojoC ,">
        <constructor-arg value="val0"/>
        <constructor-arg ref="val1" />
        <constructor-arg>
            <description>null value</description>
            <null/>
        </constructor-arg>
        <constructor-arg type="java.lang.String">
            <value>val3</value>
        </constructor-arg>
        <constructor-arg>
            <array>
                <value>val0</value>
                <component class="java.lang.String"/>
                <null/>
            </array>
        </constructor-arg>
        <constructor-arg>
            <ref component="pojoB"/>
        </constructor-arg>
        <property name="prop1" ref="pojoB"/>
        <property name="prop2" value="value" />
        <property name="prop3">
            <description>property</description>
            <value>val</value>
        </property>
    </component>
    
    <component id="pojoB" class="org.apache.geronimo.blueprint.pojos.PojoA" init-method="initPojo" destroy-method="" >
        <constructor-arg index = "1" value="val0"/>
        <constructor-arg index = "0" ref="val1" />
    </component>
    
</components>