<?xml version="1.0" encoding="UTF-8"?>
<blueprint xmlns="http://www.osgi.org/xmlns/blueprint/v1.0.0"
            xmlns:xsi="http://www.w3.org/2001/XMLSchema-instance"
            xsi:schemaLocation="http://www.osgi.org/xmlns/blueprint/v1.0.0"
            default-availability="mandatory" >

    <bean id="pojoB" class="org.apache.geronimo.blueprint.pojos.PojoB">
        <argument value="urn:myuri" />
        <argument value="10" />
    </bean>
    
    <bean id="pojoA" class="org.apache.geronimo.blueprint.pojos.PojoA">
        <argument ref="pojoB" />
        <property name="number">
            <value type="java.math.BigInteger">10</value>
        </property>
    </bean>

    <bean id="pojoC" class="org.apache.geronimo.blueprint.pojos.PojoB" factory-method = "createStatic" >
        <argument><value type="int">15</value></argument>
        <argument value="urn:myuri" />
    </bean>
    
    <bean id="pojoD" class="org.apache.geronimo.blueprint.pojos.PojoB" factory-method = "createStatic" >
        <argument value="15" index = "1" />
        <argument value="urn:myuri" index = "0" />
    </bean>
    
    <bean id="pojoE" factory-method = "createDynamic" factory-ref = "pojoB" >
        <argument><value type="int">20</value></argument>
        <argument value="urn:myuri" />
    </bean>
    
    <bean id="multipleInt" class="org.apache.geronimo.blueprint.pojos.Multiple">
        <argument type="int" value="123"/>
    </bean>
    
    <bean id="multipleInteger" class="org.apache.geronimo.blueprint.pojos.Multiple">
        <argument type="java.lang.Integer" value="123"/>
    </bean>
    
    <bean id="multipleString" class="org.apache.geronimo.blueprint.pojos.Multiple">
        <argument type="java.lang.String" value="123"/>
    </bean>
    
    <bean id="multipleStringConvertable" class="org.apache.geronimo.blueprint.pojos.Multiple">
        <argument value="hello"/>
    </bean>
    
    <bean id="multipleFactory1" class="org.apache.geronimo.blueprint.pojos.Multiple"
          factory-method = "create" >
        <argument value="hello"/>
        <argument value="1234"/>
    </bean>
        
    <bean id="multipleFactory2" class="org.apache.geronimo.blueprint.pojos.Multiple"
          factory-method = "create" >
        <argument value="helloCreate"/>
        <argument value="yes"/>
    </bean>

    <bean id="multipleFactoryNull" class="org.apache.geronimo.blueprint.pojos.Multiple"
          factory-method = "create" >
        <argument value="helloNull"/>
        <argument><null/></argument>
    </bean>
    
     <bean id="multipleFactoryTypedNull" class="org.apache.geronimo.blueprint.pojos.Multiple"
          factory-method = "create" >
        <argument value="hello"/>
        <argument type = "java.lang.Boolean"><null/></argument>
    </bean>
    
    <bean id="mapConstruction" class="org.apache.geronimo.blueprint.pojos.Multiple">
        <argument>
            <map>
                <entry key="a" value="b"/>
            </map>
        </argument>
    </bean>

    <bean id="propsConstruction" class="org.apache.geronimo.blueprint.pojos.Multiple">
        <argument>
            <props>
                <prop key="a" value="b"/>
            </props>
        </argument>
    </bean>

    <bean id="booleanPrim" class="org.apache.geronimo.blueprint.pojos.BeanF">
        <argument><value type="boolean">no</value></argument>
    </bean>

    <bean id="booleanWrapped" class="org.apache.geronimo.blueprint.pojos.BeanF">
        <argument type="java.lang.Boolean" value="no" />
    </bean>

</blueprint>
