<?xml version="1.0" encoding="UTF-8"?>
<blueprint xmlns="http://www.osgi.org/xmlns/blueprint/v1.0.0"
           default-availability="mandatory" >

    <type-converters>
            <bean id="converter1" class="org.apache.geronimo.blueprint.pojos.ConverterA">
                <property name="bundle" ref="blueprintBundleContext" />
            </bean>
    </type-converters>
    
    <service id="service1" ref="pojoB" interface="foo">
        <service-properties>
            <entry key="key1" value="value1"/>
            <entry key="key2" value="value2"/>
        </service-properties>    
    </service>

    <bean id="pojoC" class="org.apache.geronimo.blueprint.pojos.PojoB" scope = "prototype">
        <property name="uri" value="urn:myuri" />
        <property name="objects">
            <list>
                <value>list value</value>
            </list>
        </property>
    </bean>
    
    <bean id="pojoB" class="org.apache.geronimo.blueprint.pojos.PojoB" init-method = "init" destroy-method = "destroy" >
        <property name="uri" value="urn:myuri" />
    </bean>

    <bean id="pojoA" class="org.apache.geronimo.blueprint.pojos.PojoA">
        <property name="pojob" ref="pojoB"/>
        <property name="map">
            <map>
                <entry key="key" value="val"/>
                <entry key-ref="pojoB" value-ref="pojoB" />
                <entry>
                     <key><value type="java.lang.Integer">5</value></key>
                     <value type="java.net.URI">http://geronimo.apache.org</value>
                </entry>
            </map>
        </property>
        <property name="set">
            <set value-type="java.net.URI">
                <value type="java.lang.String">set value</value>
                <ref component-id="pojoB" />
                <value>http://geronimo.apache.org</value>
            </set>
        </property>
        <property name="list">
            <list>
                <value>list value</value>
                <ref component-id="pojoC" />
                <value type="java.lang.Integer">55</value>
                <value type="java.net.URI">http://geronimo.apache.org</value>
                <ref component-id="pojoC" />
            </list>
        </property>
        <property name="props">
            <props>
                <prop key="key1" value="value1" />
                <prop key="2" value="value2" />
                <prop key="foo">bar</prop>
            </props>
        </property>
        <property name="array">
            <array>
                <value>list value</value>
                <ref component-id="pojoB" />
                <value type="java.lang.Integer">55</value>
                <value type="java.net.URI">http://geronimo.apache.org</value>
            </array>
        </property>        
        <property name="intArray">
            <array>
                <value>1</value>
                <value>50</value>
                <value>100</value>
            </array>
        </property>
        <property name="numberArray">
            <array>
                <value type="int">1</value>
                <value type="java.math.BigInteger">50</value>
                <value type="java.lang.Long">100</value>
                <value type="int">200</value>
            </array>
        </property>
        <property name="number">
            <value type="java.math.BigInteger">10</value>
        </property>
    </bean>

    <bean id="compound" class="org.apache.geronimo.blueprint.pojos.PojoB">
        <property name="bean.name" value="hello bean property" />
    </bean>
    
    <bean id="goodIdRef" class="org.apache.geronimo.blueprint.pojos.BeanD">
        <property name="name">
          <idref component-id="pojoA"/>
        </property>
    </bean>

</blueprint>