<?xml version="1.0" encoding="UTF-8"?>
<blueprint xmlns="http://www.osgi.org/xmlns/blueprint/v1.0.0"
           default-availability="mandatory"
           default-init-method="init"
           default-destroy-method="destroy">

    <bean id="ambiguous" class="org.apache.geronimo.blueprint.pojos.Multiple">
        <property name="ambiguous" value="123"/>
    </bean>

</blueprint>